
as12, an absolute assembler for Motorola MCU's, version 1.2h

                        ;##############################################################################
                        ;                                 Tarea #6
                        ;   Fecha: 21 de enero del 2021
                        ;   Autor: Roberto Sánchez y Luis guillermo Ramírez
                        ;
                        ;   Descripcion: Este rograma tien como fin simula un sensor de nivel de agua
                        ;   el cual cuando el nivel de agua llega a un 15% debe encender una bomba de
                        ;   agua, en este caso la bomba se simula por medio de un LED. Cuando el nivel
                        ;   llega al 90%, la bomba se apaga. Se  tienen disntinos estados que muestran
                        ;   distintas alarmas en los mensajes.
                        ;##############################################################################
                        #include registers.inc
                        ; Memory maps and register equates
                        ; Choose one of DBUG12MAP (normal operation under DBUG12)
                        ;               EEPROMMAP  (DBUG12 in EEPROM mode)
                        ;               FLASHMAP   (Program loaded into Flash ROM)
0000                    DBUG12MAP equ 0        ; Memory mode is DBUG12MAP
                        ; EEPROMMAP equ 0         ; Memory mode is EEPROMMAP
                        #ifdef DBUG12MAP
0000                    REGBASE        equ        $0        ; register base
1000                    DATASTART equ        $1000        ; Start of data memory
2000                    DATAEND  equ        $2000        ; Stack pointer initial value (end of data RAM area)
2000                    PRSTART equ        $2000        ; Start of program memory (might be ROM)
3bff                    PREND        equ        $3BFF        ; End of program memory
                        
                        ; Functions in D-Bug12
ee84                    Getchar        equ        $EE84        ; Implemented in emulator
ee86                    Putchar equ        $EE86   ; Implemented in emulator
ee88                    Printf  equ     $EE88
ee8a                    GetCmdLine equ  $EE8A   ; FAR call
ee8e                    Sscanhex equ        $EE8E   ; FAR call
ee92                    Isxdigit equ    $EE92
ee94                    Toupper equ     $EE94
ee96                    Isalpha equ     $EE96
ee98                    Strlen  equ     $EE98
ee9a                    Strcpy  equ     $EE9A
ee9c                    Out2hex equ     $EE9C   ; FAR call
eea0                    Out4hex equ     $EEA0   ; FAR call
eea4                    SetUserVector equ $EEA4 ; No longer used
eea6                    WriteEEByte equ $EEA6   ; FAR call
eeaa                    EraseEE equ     $EEAA   ; FAR call
eeae                    ReadMem equ     $EEAE   ; FAR call
eeb2                    WriteMem equ    $EEB2   ; FAR call
                        
3e00                    VECTORTABLE equ $3E00        ; Vectors go here SHOULD ALSO INITIALIZE AT RUNTIME
0000                    STATICVECTORS equ 0        ; Define vectors statically (in "ROM")
0000                    INITIALIZEVECTORS equ 0        ; Initialize vectors at runtime
                        #endif
                        
                        #ifdef EEPROMMAP
                        REGBASE        equ        $0        ; register base MAY BE MOVED TO MAKE FULL EEPROM ACCESSABLE
                        DATASTART equ        $1000        ; Start of data memory
                        DATAEND  equ        $3E00        ; Stack pointer initial value (end of data RAM area)
                        PRSTART equ        $400        ; Start of program memory
                        PREND        equ        $FFF        ; End of program memory
                        
                        VECTORTABLE equ $3E00        ; Vectors go here -- MUST BE INITIALIZED AT RUNTIME
                        INITIALIZEVECTORS equ 0        ; Initialize vectors at runtime
                        #endif
                        
                        #ifdef FLASHMAP
                        REGBASE        equ        $0        ; register base MAY BE MOVED TO MAKE FULL EEPROM ACCESSABLE
                        DATASTART equ        $1000        ; Start of data memory
                        DATAEND  equ        $4000        ; Stack pointer initial value (end of data RAM area)
                        PRSTART equ        $8000        ; Start of program memory
                        ; Note -- there are problems using the current free assemblers with paged memory
                        ; Best bet is to use logical addresses $8000 up only, set page register to 3E,
                        ; Change S1 records for $8000-BFFF to S2 records for page 3E and S1 records for $C000-$EFFF to
                        ; page 3F. Program startup vector goes in EFFE, and needs to be iin page 3F so PPAGE can be changed. 
                        PREND        equ        $EF7F        ; End of program memory
                        
                        VECTORTABLE equ $EF80        ; Vectors go here -- MUST BE INITIALIZED STATICALLY
                        STATICVECTORS equ 0        ; Define vectors statically (in "ROM")
                        #endif
                        
                        
1000                    RAMSTART equ        DATASTART ; For compatibility
2000                    RAMEND equ        DATAEND   
                        
3e00                    UserRsrv0x80 equ (0*2)+VECTORTABLE
3e02                    UserRsrv0x82 equ (1*2)+VECTORTABLE
3e04                    UserRsrv0x84 equ (2*2)+VECTORTABLE
3e06                    UserRsrv0x86 equ (3*2)+VECTORTABLE
3e08                    UserRsrv0x88 equ (4*2)+VECTORTABLE
3e0a                    UserRsrv0x8a equ (5*2)+VECTORTABLE
3e0c                    UserPWMShDn equ (6*2)+VECTORTABLE
3e0e                    UserPortP equ (7*2)+VECTORTABLE
3e10                    UserMSCAN4Tx equ (8*2)+VECTORTABLE
3e12                    UserMSCAN4Rx equ (9*2)+VECTORTABLE
3e14                    UserMSCAN4Errs equ (10*2)+VECTORTABLE
3e16                    UserMSCAN4Wake equ (11*2)+VECTORTABLE
3e18                    UserMSCAN3Tx equ (12*2)+VECTORTABLE
3e1a                    UserMSCAN3Rx equ (13*2)+VECTORTABLE
3e1c                    UserMSCAN3Errs equ (14*2)+VECTORTABLE
3e1e                    UserMSCAN3Wake equ (15*2)+VECTORTABLE
3e20                    UserMSCAN2Tx equ (16*2)+VECTORTABLE
3e22                    UserMSCAN2Rx equ (17*2)+VECTORTABLE
3e24                    UserMSCAN2Errs equ (18*2)+VECTORTABLE
3e26                    UserMSCAN2Wake equ (19*2)+VECTORTABLE
3e28                    UserMSCAN1Tx equ (20*2)+VECTORTABLE
3e2a                    UserMSCAN1Rx equ (21*2)+VECTORTABLE
3e2c                    UserMSCAN1Errs equ (22*2)+VECTORTABLE
3e2e                    UserMSCAN1Wake equ (23*2)+VECTORTABLE
3e30                    UserMSCAN0Tx equ (24*2)+VECTORTABLE
3e32                    UserMSCAN0Rx equ (25*2)+VECTORTABLE
3e34                    UserMSCAN0Errs equ (26*2)+VECTORTABLE
3e36                    UserMSCAN0Wake equ (27*2)+VECTORTABLE
3e38                    UserFlash equ (28*2)+VECTORTABLE
3e3a                    UserEEPROM equ (29*2)+VECTORTABLE
3e3c                    UserSPI2 equ (30*2)+VECTORTABLE
3e3e                    UserSPI1 equ (31*2)+VECTORTABLE
3e40                    UserIIC equ (32*2)+VECTORTABLE
3e42                    UserDLC equ (33*2)+VECTORTABLE
3e44                    UserSCME equ (34*2)+VECTORTABLE
3e46                    UserCRG equ (35*2)+VECTORTABLE
3e48                    UserPAccBOv equ (36*2)+VECTORTABLE
3e4a                    UserModDwnCtr equ (37*2)+VECTORTABLE
3e4c                    UserPortH equ (38*2)+VECTORTABLE
3e4e                    UserPortJ equ (39*2)+VECTORTABLE
3e50                    UserAtoD1 equ (40*2)+VECTORTABLE
3e52                    UserAtoD0 equ (41*2)+VECTORTABLE
3e54                    UserSCI1 equ (42*2)+VECTORTABLE
3e56                    UserSCI0 equ (43*2)+VECTORTABLE
3e58                    UserSPI0 equ (44*2)+VECTORTABLE
3e5a                    UserPAccEdge equ (45*2)+VECTORTABLE
3e5c                    UserPAccOvf equ (46*2)+VECTORTABLE
3e5e                    UserTimerOvf equ (47*2)+VECTORTABLE
3e60                    UserTimerCh7 equ (48*2)+VECTORTABLE
3e62                    UserTimerCh6 equ (49*2)+VECTORTABLE
3e64                    UserTimerCh5 equ (50*2)+VECTORTABLE
3e66                    UserTimerCh4 equ (51*2)+VECTORTABLE
3e68                    UserTimerCh3 equ (52*2)+VECTORTABLE
3e6a                    UserTimerCh2 equ (53*2)+VECTORTABLE
3e6c                    UserTimerCh1 equ (54*2)+VECTORTABLE
3e6e                    UserTimerCh0 equ (55*2)+VECTORTABLE
3e70                    UserRTI equ (56*2)+VECTORTABLE
3e72                    UserIRQ equ (57*2)+VECTORTABLE
3e74                    UserXIRQ equ (58*2)+VECTORTABLE
3e76                    UserSWI equ (59*2)+VECTORTABLE
3e78                    UserTrap equ (60*2)+VECTORTABLE
                        
                        
                        *
                        *
                        *  HC12 i/o register locations (9s12dp256)
                        *
                        *
0000                    PORTA:          equ REGBASE+0   ;port a = address lines a8 - a15
0001                    PORTB:          equ REGBASE+1   ;port b = address lines a0 - a7
0002                    DDRA:           equ REGBASE+2   ;port a direction register
0003                    DDRB:           equ REGBASE+3   ;port b direction register
                        
0008                    PORTE:          equ REGBASE+8   ;port e = mode,irq and control signals
0009                    DDRE:           equ REGBASE+9   ;port e direction register
000a                    PEAR:           equ REGBASE+$a  ;port e assignments
000b                    MODE:           equ REGBASE+$b  ;mode register
000c                    PUCR:           equ REGBASE+$c  ;port pull-up control register
000d                    RDRIV:          equ REGBASE+$d  ;port reduced drive control register
000e                    EBICTL:                equ REGBASE+$e  ;e stretch control
                        
0010                    INITRM:         equ REGBASE+$10 ;ram location register
0011                    INITRG:         equ REGBASE+$11 ;register location register
0012                    INITEE:         equ REGBASE+$12 ;eeprom location register
0013                    MISC:           equ REGBASE+$13 ;miscellaneous mapping control
0014                    MTST0:          equ REGBASE+$14 ; reserved
0015                    ITCR:           equ REGBASE+$15 ;interrupt test control register
0016                    ITEST:          equ REGBASE+$16 ;interrupt test register
0017                    MTST1:          equ REGBASE+$17 ; reserved
                        
001a                    PARTIDH:        equ REGBASE+$1a ;part id high
001b                    PARTIDL:        equ REGBASE+$1b ;part id low
001c                    MEMSIZ0:        equ REGBASE+$1c ;memory size
001d                    MEMSIZ1:        equ REGBASE+$1d ;memory size
001e                    IRQCR:          equ REGBASE+$1e ;interrupt control register
001e                    INTCR:          equ REGBASE+$1e ;interrupt control register (old name)
001f                    HPRIO:          equ REGBASE+$1f ;high priority reg
                        
0028                    BKPCT0:         equ REGBASE+$28 ;break control register
0029                    BKPCT1:         equ REGBASE+$29 ;break control register
002a                    BKP0X:          equ REGBASE+$2a ; break 0 index register
002b                    BKP0H:          equ REGBASE+$2b ; break 0 pointer high
002c                    BRP0L:          equ REGBASE+$2c ; break 0 pointer low
002d                    BKP1X:          equ REGBASE+$2d ; break 1 index register
002e                    BKP1H:          equ REGBASE+$2e ; break 1 pointer high
002f                    BRP1L:          equ REGBASE+$2f ; break 1 pointer low
0030                    PPAGE:                equ REGBASE+$30 ;program page register
                        
0032                    PORTK:                equ REGBASE+$32 ;port k data
0033                    DDRK:                equ REGBASE+$33 ;port k direction
                        
0034                    SYNR:           equ REGBASE+$34 ; synthesizer / multiplier register
0035                    REFDV:          equ REGBASE+$35 ; reference divider register
0036                    CTFLG:          equ REGBASE+$36 ; reserved
0037                    CRGFLG:         equ REGBASE+$37 ; pll flags register
0038                    CRGINT:         equ REGBASE+$38 ; pll interrupt register
0039                    CLKSEL:         equ REGBASE+$39 ; clock select register
003a                    PLLCTL:         equ REGBASE+$3a ; pll control register
003b                    RTICTL:         equ REGBASE+$3b ;real time interrupt control
003c                    COPCTL:         equ REGBASE+$3c ;watchdog control
003d                    FORBYP:         equ REGBASE+$3d ;
003e                    CTCTL:          equ REGBASE+$3e ;
003f                    ARMCOP:         equ REGBASE+$3f ;cop reset register
                        
0040                    TIOS:           equ REGBASE+$40 ;timer input/output select
0041                    CFORC:          equ REGBASE+$41 ;timer compare force
0042                    OC7M:           equ REGBASE+$42 ;timer output compare 7 mask
0043                    OC7D:           equ REGBASE+$43 ;timer output compare 7 data
0044                    TCNT:           equ REGBASE+$44 ;timer counter register hi
                        *TCNT:          equ REGBASE+$45 ;timer counter register lo
0046                    TSCR:           equ REGBASE+$46 ;timer system control register (Old Name)
0046                    TSCR1:          equ REGBASE+$46 ;timer system control register
0047                    TTOV:           equ REGBASE+$47 ;reserved
0048                    TCTL1:          equ REGBASE+$48 ;timer control register 1
0049                    TCTL2:          equ REGBASE+$49 ;timer control register 2
004a                    TCTL3:          equ REGBASE+$4a ;timer control register 3
004b                    TCTL4:          equ REGBASE+$4b ;timer control register 4
004c                    TMSK1:          equ REGBASE+$4c ;timer interrupt mask 1 (Old Name)
004c                    TIE:            equ REGBASE+$4c ;timer interrupt mask 1
004d                    TMSK2:          equ REGBASE+$4d ;timer interrupt mask 2 (Old Name)
004d                    TSCR2:          equ REGBASE+$4d ;timer interrupt mask 2
004e                    TFLG1:          equ REGBASE+$4e ;timer flags 1
004f                    TFLG2:          equ REGBASE+$4f ;timer flags 2
0050                    TC0:            equ REGBASE+$50 ;timer capture/compare register 0
0052                    TC1:            equ REGBASE+$52 ;timer capture/compare register 1
0054                    TC2:            equ REGBASE+$54 ;timer capture/compare register 2
0056                    TC3:            equ REGBASE+$56 ;timer capture/compare register 3
0058                    TC4:            equ REGBASE+$58 ;timer capture/compare register 4
005a                    TC5:            equ REGBASE+$5a ;timer capture/compare register 5
005c                    TC6:            equ REGBASE+$5c ;timer capture/compare register 6
005e                    TC7:            equ REGBASE+$5e ;timer capture/compare register 7
0060                    PACTL:          equ REGBASE+$60 ;pulse accumulator controls
0061                    PAFLG:          equ REGBASE+$61 ;pulse accumulator flags
0062                    PACN3:          equ REGBASE+$62 ;pulse accumulator counter 3
0063                    PACN2:          equ REGBASE+$63 ;pulse accumulator counter 2
0064                    PACN1:          equ REGBASE+$64 ;pulse accumulator counter 1
0065                    PACN0:          equ REGBASE+$65 ;pulse accumulator counter 0
0066                    MCCTL:          equ REGBASE+$66 ;modulus down conunter control
0067                    MCFLG:          equ REGBASE+$67 ;down counter flags
0068                    ICPAR:          equ REGBASE+$68 ;input pulse accumulator control
0069                    DLYCT:          equ REGBASE+$69 ;delay count to down counter
006a                    ICOVW:          equ REGBASE+$6a ;input control overwrite register
006b                    ICSYS:          equ REGBASE+$6b ;input control system control
                        
006d                    TIMTST:         equ REGBASE+$6d ;timer test register
                        
0070                    PBCTL:          equ REGBASE+$70 ; pulse accumulator b control
0071                    PBFLG:          equ REGBASE+$71 ; pulse accumulator b flags
0072                    PA3H:           equ REGBASE+$72 ; pulse accumulator holding register 3
0073                    PA2H:           equ REGBASE+$73 ; pulse accumulator holding register 2
0074                    PA1H:           equ REGBASE+$74 ; pulse accumulator holding register 1
0075                    PA0H:           equ REGBASE+$75 ; pulse accumulator holding register 0
0076                    MCCNT:          equ REGBASE+$76 ; modulus down counter register
                        *MCCNTL:        equ REGBASE+$77 ; low byte
0078                    TCOH:           equ REGBASE+$78 ; capture 0 holding register
007a                    TC1H:           equ REGBASE+$7a ; capture 1 holding register
007c                    TC2H:           equ REGBASE+$7c ; capture 2 holding register
007e                    TC3H:           equ REGBASE+$7e ; capture 3 holding register
                        
0080                    ATD0CTL0:       equ REGBASE+$80 ;adc control 0 (reserved)
0081                    ATD0CTL1:       equ REGBASE+$81 ;adc control 1 (reserved)
0082                    ATD0CTL2:       equ REGBASE+$82 ;adc control 2
0083                    ATD0CTL3:       equ REGBASE+$83 ;adc control 3
0084                    ATD0CTL4:       equ REGBASE+$84 ;adc control 4
0085                    ATD0CTL5:       equ REGBASE+$85 ;adc control 5
0086                    ATD0STAT:       equ REGBASE+$86 ;adc status register hi
0086                    ATD0STAT0:      equ REGBASE+$86 ;adc status register hi
008b                    ATD0STAT1:      equ REGBASE+$8b ;adc status register lo
0088                    ATD0TEST:       equ REGBASE+$88 ;adc test (reserved)
                        *atd0test       equ REGBASE+$89 ;
                        
008d                    ATD0DIEN:        equ REGBASE+$8d ;
                        
008f                    PORTAD:         equ REGBASE+$8f ;port adc = input only
0090                    ADR00H:         equ REGBASE+$90 ;adc result 0 register
0092                    ADR01H:         equ REGBASE+$92 ;adc result 1 register
0094                    ADR02H:         equ REGBASE+$94 ;adc result 2 register
0096                    ADR03H:         equ REGBASE+$96 ;adc result 3 register
0098                    ADR04H:         equ REGBASE+$98 ;adc result 4 register
009a                    ADR05H:         equ REGBASE+$9a ;adc result 5 register
009c                    ADR06H:         equ REGBASE+$9c ;adc result 6 register
009e                    ADR07H:         equ REGBASE+$9e ;adc result 7 register
                        
00a0                    PWME:                equ REGBASE+$a0 ;pwm enable
00a1                    PWMPOL:         equ REGBASE+$a1 ;pwm polarity
00a2                    PWMCLK:         equ REGBASE+$a2 ;pwm clock select register
00a3                    PWMPRCLK:       equ REGBASE+$a3 ;pwm prescale clock select register
00a4                    PWMCAE:         equ REGBASE+$a4 ;pwm center align select register
00a5                    PWMCTL:         equ REGBASE+$a5 ;pwm control register
00a6                    PWMTST:         equ REGBASE+$a6 ;reserved
00a7                    PWMPRSC:        equ REGBASE+$a7 ;reserved
00a8                    PWMSCLA:        equ REGBASE+$a8 ;pwm scale a
00a9                    PWMSCLB:        equ REGBASE+$a9 ;pwm scale b
00aa                    PWMSCNTA:       equ REGBASE+$aa ;reserved
00ab                    PWMSCNTB:       equ REGBASE+$ab ;reserved
00ac                    PWMCNT0:        equ REGBASE+$ac ;pwm channel 0 counter
00ad                    PWMCNT1:        equ REGBASE+$ad ;pwm channel 1 counter
00ae                    PWMCNT2:        equ REGBASE+$ae ;pwm channel 2 counter
00af                    PWMCNT3:        equ REGBASE+$af ;pwm channel 3 counter
00b0                    PWMCNT4:        equ REGBASE+$b0 ;pwm channel 4 counter
00b1                    PWMCNT5:        equ REGBASE+$b1 ;pwm channel 5 counter
00b2                    PWMCNT6:        equ REGBASE+$b2 ;pwm channel 6 counter
00b3                    PWMCNT7:        equ REGBASE+$b3 ;pwm channel 7 counter
00b4                    PWMPER0:        equ REGBASE+$b4 ;pwm channel 0 period
00b5                    PWMPER1:        equ REGBASE+$b5 ;pwm channel 1 period
00b6                    PWMPER2:        equ REGBASE+$b6 ;pwm channel 2 period
00b7                    PWMPER3:        equ REGBASE+$b7 ;pwm channel 3 period
00b8                    PWMPER4:        equ REGBASE+$b8 ;pwm channel 4 period
00b9                    PWMPER5:        equ REGBASE+$b9 ;pwm channel 5 period
00ba                    PWMPER6:        equ REGBASE+$ba ;pwm channel 6 period
00bb                    PWMPER7:        equ REGBASE+$bb ;pwm channel 7 period
00bc                    PWMDTY0:        equ REGBASE+$bc ;pwm channel 0 duty cycle
00bd                    PWMDTY1:        equ REGBASE+$bd ;pwm channel 1 duty cycle
00be                    PWMDTY2:        equ REGBASE+$be ;pwm channel 2 duty cycle
00bf                    PWMDTY3:        equ REGBASE+$bf ;pwm channel 3 duty cycle
00c0                    PWMDTY4:        equ REGBASE+$c0 ;pwm channel 4 duty cycle
00c1                    PWMDTY5:        equ REGBASE+$c1 ;pwm channel 5 duty cycle
00c2                    PWMDTY6:        equ REGBASE+$c2 ;pwm channel 6 duty cycle
00c3                    PWMDTY7:        equ REGBASE+$c3 ;pwm channel 7 duty cycle
00c4                    PWMSDN:         equ REGBASE+$c4 ;pwm shutdown register
                        
00c8                    SC0BDH:         equ REGBASE+$c8 ;sci 0 baud reg hi byte
00c9                    SC0BDL:         equ REGBASE+$c9 ;sci 0 baud reg lo byte
00ca                    SC0CR1:         equ REGBASE+$ca ;sci 0 control1 reg
00cb                    SC0CR2:         equ REGBASE+$cb ;sci 0 control2 reg
00cc                    SC0SR1:         equ REGBASE+$cc ;sci 0 status reg 1
00cd                    SC0SR2:         equ REGBASE+$cd ;sci 0 status reg 2
00ce                    SC0DRH:         equ REGBASE+$ce ;sci 0 data reg hi
00cf                    SC0DRL:         equ REGBASE+$cf ;sci 0 data reg lo
                        
00d0                    SC1BDH:         equ REGBASE+$d0 ;sci 1 baud reg hi byte
00d1                    SC1BDL:         equ REGBASE+$d1 ;sci 1 baud reg lo byte
00d2                    SC1CR1:         equ REGBASE+$d2 ;sci 1 control1 reg
00d3                    SC1CR2:         equ REGBASE+$d3 ;sci 1 control2 reg
00d4                    SC1SR1:         equ REGBASE+$d4 ;sci 1 status reg 1
00d5                    SC1SR2:         equ REGBASE+$d5 ;sci 1 status reg 2
00d6                    SC1DRH:         equ REGBASE+$d6 ;sci 1 data reg hi
00d7                    SC1DRL:         equ REGBASE+$d7 ;sci 1 data reg lo
                        
00d8                    SPI0CR1:        equ REGBASE+$d8 ;spi 0 control1 reg
00d9                    SPI0CR2:        equ REGBASE+$d9 ;spi 0 control2 reg
00da                    SPI0BR:         equ REGBASE+$da ;spi 0 baud reg
00db                    SPI0SR:         equ REGBASE+$db ;spi 0 status reg hi
00dd                    SP0DR:          equ REGBASE+$dd ;spi 0 data reg  FOR COMPATIBILITY
00dd                    SPI0DR:          equ REGBASE+$dd ;spi 0 data reg
                        
00e0                    IBAD:                equ REGBASE+$e0 ;i2c bus address register
00e1                    IBFD:                equ REGBASE+$e1 ;i2c bus frequency divider
00e2                    IBCR:                equ REGBASE+$e2 ;i2c bus control register
00e3                    IBSR:                equ REGBASE+$e3 ;i2c bus status register
00e4                    IBDR:                equ REGBASE+$e4 ;i2c bus message data register
                        
00e8                    DLCBCR1:        equ REGBASE+$e8 ;bdlc control regsiter 1
00e9                    DLCBSVR:        equ REGBASE+$e9 ;bdlc state vector register
00ea                    DLCBCR2:        equ REGBASE+$ea ;bdlc control register 2
00eb                    DLCBDR:                equ REGBASE+$eb ;bdlc data register
00ec                    DLCBARD:        equ REGBASE+$ec ;bdlc analog delay register
00ed                    DLCBRSR:        equ REGBASE+$ed ;bdlc rate select register
00ee                    DLCSCR:                equ REGBASE+$ee ;bdlc control register
00ef                    DLCBSTAT:        equ REGBASE+$ef ;bdlc status register
                        
00f0                    SPI1CR1:        equ REGBASE+$f0 ;spi 1 control1 reg
00f1                    SPI1CR2:        equ REGBASE+$f1 ;spi 1 control2 reg
00f2                    SPI1BR:         equ REGBASE+$f2 ;spi 1 baud reg
00f3                    SPI1SR:         equ REGBASE+$f3 ;spi 1 status reg hi
00f5                    SPI1DR:          equ REGBASE+$f5 ;spi 1 data reg
00f5                    SP1DR:          equ REGBASE+$f5 ;spi 1 data reg   FOR COMPATIBILITY
                        
00f8                    SPI2CR1:        equ REGBASE+$f8 ;spi 2 control1 reg
00f9                    SPI2CR2:        equ REGBASE+$f9 ;spi 2 control2 reg
00fa                    SPI2BR:         equ REGBASE+$fa ;spi 2 baud reg
00fb                    SPI2SR:         equ REGBASE+$fb ;spi 2 status reg hi
00fd                    SPI2DR:         equ REGBASE+$fd ;spi 2 data reg
00fd                    SP2DR:          equ REGBASE+$fd ;spi 2 data reg   FOR COMPATIBILITY
                        
0100                    FCLKDIV:        equ REGBASE+$100 ;flash clock divider
0101                    FSEC:                equ REGBASE+$101 ;flash security register
                        
0103                    FCNFG:                equ REGBASE+$103 ;flash configuration register
0104                    FPROT:                equ REGBASE+$104 ;flash protection register
0105                    FSTAT:                equ REGBASE+$105 ;flash status register
0106                    FCMD:                equ REGBASE+$106 ;flash command register
                        
0110                    ECLKDIV:        equ REGBASE+$110 ;eeprom clock divider
                        
0113                    ECNFG:                equ REGBASE+$113 ;eeprom configuration register
0114                    EPROT:                equ REGBASE+$114 ;eeprom protection register
0115                    ESTAT:                equ REGBASE+$115 ;eeprom status register
0116                    ECMD:                equ REGBASE+$116 ;eeprom command register
                        
0120                    ATD1CTL0:       equ REGBASE+$120 ;adc1 control 0 (reserved)
0121                    ATD1CTL1:       equ REGBASE+$121 ;adc1 control 1 (reserved)
0122                    ATD1CTL2:       equ REGBASE+$122 ;adc1 control 2
0123                    ATD1CTL3:       equ REGBASE+$123 ;adc1 control 3
0124                    ATD1CTL4:       equ REGBASE+$124 ;adc1 control 4
0125                    ATD1CTL5:       equ REGBASE+$125 ;adc1 control 5
0126                    ATD1STAT0:      equ REGBASE+$126 ;adc1 status register hi
012b                    ATD1STAT1:      equ REGBASE+$12b ;adc1 status register lo
0128                    ATD1TEST:       equ REGBASE+$128 ;adc1 test (reserved)
                        *atd1test       equ REGBASE+$129 ;
                        
012d                    ATDDIEN:        equ REGBASE+$12d ;adc1 input enable register
                        
012f                    PORTAD1:        equ REGBASE+$12f ;port adc1 = input only
0130                    ADR10H:         equ REGBASE+$130 ;adc1 result 0 register
0132                    ADR11H:         equ REGBASE+$132 ;adc1 result 1 register
0134                    ADR12H:         equ REGBASE+$134 ;adc1 result 2 register
0136                    ADR13H:         equ REGBASE+$136 ;adc1 result 3 register
0138                    ADR14H:         equ REGBASE+$138 ;adc1 result 4 register
013a                    ADR15H:         equ REGBASE+$13a ;adc1 result 5 register
013c                    ADR16H:         equ REGBASE+$13c ;adc1 result 6 register
013e                    ADR17H:         equ REGBASE+$13e ;adc1 result 7 register
                        
0140                    CAN0CTL0:        equ REGBASE+$140 ;can0 control register 0
0141                    CAN0CTL1:        equ REGBASE+$141 ;can0 control register 1
0142                    CAN0BTR0:        equ REGBASE+$142 ;can0 bus timing register 0
0143                    CAN0BTR1:        equ REGBASE+$143 ;can0 bus timing register 1
0144                    CAN0RFLG:        equ REGBASE+$144 ;can0 receiver flags
0145                    CAN0RIER:        equ REGBASE+$145 ;can0 receiver interrupt enables
0146                    CAN0TFLG:        equ REGBASE+$146 ;can0 transmit flags
0147                    CAN0TIER:        equ REGBASE+$147 ;can0 transmit interrupt enables
0148                    CAN0TARQ:        equ REGBASE+$148 ;can0 transmit message abort control
0149                    CAN0TAAK:        equ REGBASE+$149 ;can0 transmit message abort status
014a                    CAN0TBEL:        equ REGBASE+$14a ;can0 transmit buffer select
014b                    CAN0IDAC:        equ REGBASE+$14b ;can0 identfier acceptance control
                        
014e                    CAN0RERR:        equ REGBASE+$14e ;can0 receive error counter
014f                    CAN0TERR:        equ REGBASE+$14f ;can0 transmit error counter
0150                    CAN0IDA0:        equ REGBASE+$150 ;can0 identifier acceptance register 0
0151                    CAN0IDA1:        equ REGBASE+$151 ;can0 identifier acceptance register 1
0152                    CAN0IDA2:        equ REGBASE+$152 ;can0 identifier acceptance register 2
0153                    CAN0IDA3:        equ REGBASE+$153 ;can0 identifier acceptance register 3
0154                    CAN0IDM0:        equ REGBASE+$154 ;can0 identifier mask register 0
0155                    CAN0IDM1:        equ REGBASE+$155 ;can0 identifier mask register 1
0156                    CAN0IDM2:        equ REGBASE+$156 ;can0 identifier mask register 2
0157                    CAN0IDM3:        equ REGBASE+$157 ;can0 identifier mask register 3
0158                    CAN0IDA4:        equ REGBASE+$158 ;can0 identifier acceptance register 4
0159                    CAN0IDA5:        equ REGBASE+$159 ;can0 identifier acceptance register 5
015a                    CAN0IDA6:        equ REGBASE+$15a ;can0 identifier acceptance register 6
015b                    CAN0IDA7:        equ REGBASE+$15b ;can0 identifier acceptance register 7
015c                    CAN0IDM4:        equ REGBASE+$15c ;can0 identifier mask register 4
015d                    CAN0IDM5:        equ REGBASE+$15d ;can0 identifier mask register 5
015e                    CAN0IDM6:        equ REGBASE+$15e ;can0 identifier mask register 6
015f                    CAN0IDM7:        equ REGBASE+$15f ;can0 identifier mask register 7
0160                    CAN0RXFG:        equ REGBASE+$160 ;can0 rx foreground buffer thru +$16f
0170                    CAN0TXFG:        equ REGBASE+$170 ;can0 tx foreground buffer thru +$17f
                        
0180                    CAN1CTL0:        equ REGBASE+$180 ;can1 control register 0
0181                    CAN1CTL1:        equ REGBASE+$181 ;can1 control register 1
0182                    CAN1BTR0:        equ REGBASE+$182 ;can1 bus timing register 0
0183                    CAN1BTR1:        equ REGBASE+$183 ;can1 bus timing register 1
0184                    CAN1RFLG:        equ REGBASE+$184 ;can1 receiver flags
0185                    CAN1RIER:        equ REGBASE+$185 ;can1 receiver interrupt enables
0186                    CAN1TFLG:        equ REGBASE+$186 ;can1 transmit flags
0187                    CAN1TIER:        equ REGBASE+$187 ;can1 transmit interrupt enables
0188                    CAN1TARQ:        equ REGBASE+$188 ;can1 transmit message abort control
0189                    CAN1TAAK:        equ REGBASE+$189 ;can1 transmit message abort status
018a                    CAN1TBEL:        equ REGBASE+$18a ;can1 transmit buffer select
018b                    CAN1IDAC:        equ REGBASE+$18b ;can1 identfier acceptance control
                        
018e                    CAN1RERR:        equ REGBASE+$18e ;can1 receive error counter
018f                    CAN1TERR:        equ REGBASE+$18f ;can1 transmit error counter
0190                    CAN1IDA0:        equ REGBASE+$190 ;can1 identifier acceptance register 0
0191                    CAN1IDA1:        equ REGBASE+$191 ;can1 identifier acceptance register 1
0192                    CAN1IDA2:        equ REGBASE+$192 ;can1 identifier acceptance register 2
0193                    CAN1IDA3:        equ REGBASE+$193 ;can1 identifier acceptance register 3
0194                    CAN1IDM0:        equ REGBASE+$194 ;can1 identifier mask register 0
0195                    CAN1IDM1:        equ REGBASE+$195 ;can1 identifier mask register 1
0196                    CAN1IDM2:        equ REGBASE+$196 ;can1 identifier mask register 2
0197                    CAN1IDM3:        equ REGBASE+$197 ;can1 identifier mask register 3
0198                    CAN1IDA4:        equ REGBASE+$198 ;can1 identifier acceptance register 4
0199                    CAN1IDA5:        equ REGBASE+$199 ;can1 identifier acceptance register 5
019a                    CAN1IDA6:        equ REGBASE+$19a ;can1 identifier acceptance register 6
019b                    CAN1IDA7:        equ REGBASE+$19b ;can1 identifier acceptance register 7
019c                    CAN1IDM4:        equ REGBASE+$19c ;can1 identifier mask register 4
019d                    CAN1IDM5:        equ REGBASE+$19d ;can1 identifier mask register 5
019e                    CAN1IDM6:        equ REGBASE+$19e ;can1 identifier mask register 6
019f                    CAN1IDM7:        equ REGBASE+$19f ;can1 identifier mask register 7
01a0                    CAN1RXFG:        equ REGBASE+$1a0 ;can1 rx foreground buffer thru +$1af
01b0                    CAN1TXFG:        equ REGBASE+$1b0 ;can1 tx foreground buffer thru +$1bf
                        
01c0                    CAN2CTL0:        equ REGBASE+$1c0 ;can2 control register 0
01c1                    CAN2CTL1:        equ REGBASE+$1c1 ;can2 control register 1
01c2                    CAN2BTR0:        equ REGBASE+$1c2 ;can2 bus timing register 0
01c3                    CAN2BTR1:        equ REGBASE+$1c3 ;can2 bus timing register 1
01c4                    CAN2RFLG:        equ REGBASE+$1c4 ;can2 receiver flags
01c5                    CAN2RIER:        equ REGBASE+$1c5 ;can2 receiver interrupt enables
01c6                    CAN2TFLG:        equ REGBASE+$1c6 ;can2 transmit flags
01c7                    CAN2TIER:        equ REGBASE+$1c7 ;can2 transmit interrupt enables
01c8                    CAN2TARQ:        equ REGBASE+$1c8 ;can2 transmit message abort control
01c9                    CAN2TAAK:        equ REGBASE+$1c9 ;can2 transmit message abort status
01ca                    CAN2TBEL:        equ REGBASE+$1ca ;can2 transmit buffer select
01cb                    CAN2IDAC:        equ REGBASE+$1cb ;can2 identfier acceptance control
                        
01ce                    CAN2RERR:        equ REGBASE+$1ce ;can2 receive error counter
01cf                    CAN2TERR:        equ REGBASE+$1cf ;can2 transmit error counter
01d0                    CAN2IDA0:        equ REGBASE+$1d0 ;can2 identifier acceptance register 0
01d1                    CAN2IDA1:        equ REGBASE+$1d1 ;can2 identifier acceptance register 1
01d2                    CAN2IDA2:        equ REGBASE+$1d2 ;can2 identifier acceptance register 2
01d3                    CAN2IDA3:        equ REGBASE+$1d3 ;can2 identifier acceptance register 3
01d4                    CAN2IDM0:        equ REGBASE+$1d4 ;can2 identifier mask register 0
01d5                    CAN2IDM1:        equ REGBASE+$1d5 ;can2 identifier mask register 1
01d6                    CAN2IDM2:        equ REGBASE+$1d6 ;can2 identifier mask register 2
01d7                    CAN2IDM3:        equ REGBASE+$1d7 ;can2 identifier mask register 3
01d8                    CAN2IDA4:        equ REGBASE+$1d8 ;can2 identifier acceptance register 4
01d9                    CAN2IDA5:        equ REGBASE+$1d9 ;can2 identifier acceptance register 5
01da                    CAN2IDA6:        equ REGBASE+$1da ;can2 identifier acceptance register 6
01db                    CAN2IDA7:        equ REGBASE+$1db ;can2 identifier acceptance register 7
01dc                    CAN2IDM4:        equ REGBASE+$1dc ;can2 identifier mask register 4
01dd                    CAN2IDM5:        equ REGBASE+$1dd ;can2 identifier mask register 5
01de                    CAN2IDM6:        equ REGBASE+$1de ;can2 identifier mask register 6
01df                    CAN2IDM7:        equ REGBASE+$1df ;can2 identifier mask register 7
01e0                    CAN2RXFG:        equ REGBASE+$1e0 ;can2 rx foreground buffer thru +$1ef
01f0                    CAN2TXFG:        equ REGBASE+$1f0 ;can2 tx foreground buffer thru +$1ff
                        
0200                    CAN3CTL0:        equ REGBASE+$200 ;can3 control register 0
0201                    CAN3CTL1:        equ REGBASE+$201 ;can3 control register 1
0202                    CAN3BTR0:        equ REGBASE+$202 ;can3 bus timing register 0
0203                    CAN3BTR1:        equ REGBASE+$203 ;can3 bus timing register 1
0204                    CAN3RFLG:        equ REGBASE+$204 ;can3 receiver flags
0205                    CAN3RIER:        equ REGBASE+$205 ;can3 receiver interrupt enables
0206                    CAN3TFLG:        equ REGBASE+$206 ;can3 transmit flags
0207                    CAN3TIER:        equ REGBASE+$207 ;can3 transmit interrupt enables
0208                    CAN3TARQ:        equ REGBASE+$208 ;can3 transmit message abort control
0209                    CAN3TAAK:        equ REGBASE+$209 ;can3 transmit message abort status
020a                    CAN3TBEL:        equ REGBASE+$20a ;can3 transmit buffer select
020b                    CAN3IDAC:        equ REGBASE+$20b ;can3 identfier acceptance control
                        
020e                    CAN3RERR:        equ REGBASE+$20e ;can3 receive error counter
020f                    CAN3TERR:        equ REGBASE+$20f ;can3 transmit error counter
0210                    CAN3IDA0:        equ REGBASE+$210 ;can3 identifier acceptance register 0
0211                    CAN3IDA1:        equ REGBASE+$211 ;can3 identifier acceptance register 1
0212                    CAN3IDA2:        equ REGBASE+$212 ;can3 identifier acceptance register 2
0213                    CAN3IDA3:        equ REGBASE+$213 ;can3 identifier acceptance register 3
0214                    CAN3IDM0:        equ REGBASE+$214 ;can3 identifier mask register 0
0215                    CAN3IDM1:        equ REGBASE+$215 ;can3 identifier mask register 1
0216                    CAN3IDM2:        equ REGBASE+$216 ;can3 identifier mask register 2
0217                    CAN3IDM3:        equ REGBASE+$217 ;can3 identifier mask register 3
0218                    CAN3IDA4:        equ REGBASE+$218 ;can3 identifier acceptance register 4
0219                    CAN3IDA5:        equ REGBASE+$219 ;can3 identifier acceptance register 5
021a                    CAN3IDA6:        equ REGBASE+$21a ;can3 identifier acceptance register 6
021b                    CAN3IDA7:        equ REGBASE+$21b ;can3 identifier acceptance register 7
021c                    CAN3IDM4:        equ REGBASE+$21c ;can3 identifier mask register 4
021d                    CAN3IDM5:        equ REGBASE+$21d ;can3 identifier mask register 5
021e                    CAN3IDM6:        equ REGBASE+$21e ;can3 identifier mask register 6
021f                    CAN3IDM7:        equ REGBASE+$21f ;can3 identifier mask register 7
0220                    CAN3RXFG:        equ REGBASE+$220 ;can3 rx foreground buffer thru +$22f
0230                    CAN3TXFG:        equ REGBASE+$230 ;can3 tx foreground buffer thru +$23f
                        
0240                    PTT:                equ REGBASE+$240 ;portt data register
0241                    PTIT:                equ REGBASE+$241 ;portt input register
0242                    DDRT:                equ REGBASE+$242 ;portt direction register
0243                    RDRT:                equ REGBASE+$243 ;portt reduced drive register
0244                    PERT:                equ REGBASE+$244 ;portt pull device enable
0245                    PPST:                equ REGBASE+$245 ;portt pull polarity select
                        
0248                    PTS:                equ REGBASE+$248 ;ports data register
0249                    PTIS:                equ REGBASE+$249 ;ports input register
024a                    DDRS:                equ REGBASE+$24a ;ports direction register
024b                    RDRS:                equ REGBASE+$24b ;ports reduced drive register
024c                    PERS:                equ REGBASE+$24c ;ports pull device enable
024d                    PPSS:                equ REGBASE+$24d ;ports pull polarity select
024e                    WOMS:                equ REGBASE+$24e ;ports wired or mode register
                        
0250                    PTM:                equ REGBASE+$250 ;portm data register
0251                    PTIM:                equ REGBASE+$251 ;portm input register
0252                    DDRM:                equ REGBASE+$252 ;portm direction register
0253                    RDRM:                equ REGBASE+$253 ;portm reduced drive register
0254                    PERM:                equ REGBASE+$254 ;portm pull device enable
0255                    PPSM:                equ REGBASE+$255 ;portm pull polarity select
0256                    WOMM:                equ REGBASE+$256 ;portm wired or mode register
0257                    MODRR:                equ REGBASE+$257 ;portm module routing register
                        
0258                    PTP:                equ REGBASE+$258 ;portp data register
0259                    PTIP:                equ REGBASE+$259 ;portp input register
025a                    DDRP:                equ REGBASE+$25a ;portp direction register
025b                    RDRP:                equ REGBASE+$25b ;portp reduced drive register
025c                    PERP:                equ REGBASE+$25c ;portp pull device enable
025d                    PPSP:                equ REGBASE+$25d ;portp pull polarity select
025e                    PIEP:                equ REGBASE+$25e ;portp interrupt enable register
025f                    PIFP:                equ REGBASE+$25f ;portp interrupt flag register
                        
0260                    PTH:                equ REGBASE+$260 ;porth data register
0261                    PTIH:                equ REGBASE+$261 ;porth input register
0262                    DDRH:                equ REGBASE+$262 ;porth direction register
0263                    RDRH:                equ REGBASE+$263 ;porth reduced drive register
0264                    PERH:                equ REGBASE+$264 ;porth pull device enable
0265                    PPSH:                equ REGBASE+$265 ;porth pull polarity select
0266                    PIEH:                equ REGBASE+$266 ;porth interrupt enable register
0267                    PIFH:                equ REGBASE+$267 ;porth interrupt flag register
                        
0268                    PTJ:                equ REGBASE+$268 ;portj data register
0269                    PTIJ:                equ REGBASE+$269 ;portj input register
026a                    DDRJ:                equ REGBASE+$26a ;portj direction register
026b                    RDRJ:                equ REGBASE+$26b ;portj reduced drive register
026c                    PERJ:                equ REGBASE+$26c ;portj pull device enable
026d                    PPSJ:                equ REGBASE+$26d ;portj pull polarity select
026e                    PIEJ:                equ REGBASE+$26e ;portj interrupt enable register
026f                    PIFJ:                equ REGBASE+$26f ;portj interrupt flag register
                        
0280                    CAN4CTL0:        equ REGBASE+$280 ;can4 control register 0
0281                    CAN4CTL1:        equ REGBASE+$281 ;can4 control register 1
0282                    CAN4BTR0:        equ REGBASE+$282 ;can4 bus timing register 0
0283                    CAN4BTR1:        equ REGBASE+$283 ;can4 bus timing register 1
0284                    CAN4RFLG:        equ REGBASE+$284 ;can4 receiver flags
0285                    CAN4RIER:        equ REGBASE+$285 ;can4 receiver interrupt enables
0286                    CAN4TFLG:        equ REGBASE+$286 ;can4 transmit flags
0287                    CAN4TIER:        equ REGBASE+$287 ;can4 transmit interrupt enables
0288                    CAN4TARQ:        equ REGBASE+$288 ;can4 transmit message abort control
0289                    CAN4TAAK:        equ REGBASE+$289 ;can4 transmit message abort status
028a                    CAN4TBEL:        equ REGBASE+$28a ;can4 transmit buffer select
028b                    CAN4IDAC:        equ REGBASE+$28b ;can4 identfier acceptance control
                        
028e                    CAN4RERR:        equ REGBASE+$28e ;can4 receive error counter
028f                    CAN4TERR:        equ REGBASE+$28f ;can4 transmit error counter
0290                    CAN4IDA0:        equ REGBASE+$290 ;can4 identifier acceptance register 0
0291                    CAN4IDA1:        equ REGBASE+$291 ;can4 identifier acceptance register 1
0292                    CAN4IDA2:        equ REGBASE+$292 ;can4 identifier acceptance register 2
0293                    CAN4IDA3:        equ REGBASE+$293 ;can4 identifier acceptance register 3
0294                    CAN4IDM0:        equ REGBASE+$294 ;can4 identifier mask register 0
0295                    CAN4IDM1:        equ REGBASE+$295 ;can4 identifier mask register 1
0296                    CAN4IDM2:        equ REGBASE+$296 ;can4 identifier mask register 2
0297                    CAN4IDM3:        equ REGBASE+$297 ;can4 identifier mask register 3
0298                    CAN4IDA4:        equ REGBASE+$298 ;can4 identifier acceptance register 4
0299                    CAN4IDA5:        equ REGBASE+$299 ;can4 identifier acceptance register 5
029a                    CAN4IDA6:        equ REGBASE+$29a ;can4 identifier acceptance register 6
029b                    CAN4IDA7:        equ REGBASE+$29b ;can4 identifier acceptance register 7
029c                    CAN4IDM4:        equ REGBASE+$29c ;can4 identifier mask register 4
029d                    CAN4IDM5:        equ REGBASE+$29d ;can4 identifier mask register 5
029e                    CAN4IDM6:        equ REGBASE+$29e ;can4 identifier mask register 6
029f                    CAN4IDM7:        equ REGBASE+$29f ;can4 identifier mask register 7
02a0                    CAN4RXFG:        equ REGBASE+$2a0 ;can4 rx foreground buffer thru +$2af
02b0                    CAN4TXFG:        equ REGBASE+$2b0 ;can4 tx foreground buffer thru +$2bf
                        
                        * end registers
                        #endinclude

                        
                        
0000                    EOM:            equ $00 ;end of message
000d                    CR:             equ $0D ;carriage return
000a                    LF:             equ $0A ;line feed
000c                    NP:             equ $0C ;new page
001a                    SUB:            equ $1A ;control substitute
                        ;------------------------------------------------------------------------------
                        ;     		Estructuras de datos e interrupciones
                        ;------------------------------------------------------------------------------
                        ;Estructuras de datos:
1010                                    org $1010
1010                    NIVEL_PROM:     ds 2 ;almacena el promedio de las 6 mediciones a 10 bits del ATD.
1012                    NIVEL:          ds 1 ;almacena el valor redondeado a 8 bits de NIVEL_PROM en metros.
1013                    VOLUMEN:        ds 1 ;almacena el volumen del tanque en metros cubicos (m3).
1014                    CONT_RTI:       ds 1 ;permite generar la cadencia de 1 seg en el RTI para la transmision.
                        
1015                    BCD_H:          ds 1 ;miles y centenas en BCD
1016                    BCD_L:          ds 1 ;decenas y unidades en BCD
1017                    LOW:            ds 1 ;variable temporal
1018                    Puntero:      ds 2 ;con este puntero se maneja la impresion caracter por caracter.
101a                    BANDERAS:          ds 1 ; X:X:X:X:X:SEL:MSG:OK
                        
                        ;Mensajes:
101b 1a                 MENSAJE:        db SUB
101c 20 20 20 20 20 20                  fcc "                         UNIVERSIDAD DE COSTA RICA"
     20 20 20 20 20 20
     20 20 20 20 20 20
     20 20 20 20 20 20
     20 55 4e 49 56 45
     52 53 49 44 41 44
     20 44 45 20 43 4f
     53 54 41 20 52 49
     43 41
104e 0d 0a                              db CR,LF
1050 20 20 20 20 20 20                  fcc "                      ESCUELA DE INGENIERIA ELECTRICA"
     20 20 20 20 20 20
     20 20 20 20 20 20
     20 20 20 20 45 53
     43 55 45 4c 41 20
     44 45 20 49 4e 47
     45 4e 49 45 52 49
     41 20 45 4c 45 43
     54 52 49 43 41
1085 0d 0a                              db CR,LF
1087 20 20 20 20 20 20                  fcc "                             MICROPROCESADORES"
     20 20 20 20 20 20
     20 20 20 20 20 20
     20 20 20 20 20 20
     20 20 20 20 20 4d
     49 43 52 4f 50 52
     4f 43 45 53 41 44
     4f 52 45 53
10b5 0d 0a                              db CR,LF
10b7 20 20 20 20 20 20                  fcc "                                   IE0623"
     20 20 20 20 20 20
     20 20 20 20 20 20
     20 20 20 20 20 20
     20 20 20 20 20 20
     20 20 20 20 20 49
     45 30 36 32 33
10e0 0d 0a 0d 0a                        db CR,LF,CR,LF
10e4 20 20 20 20 20 20                  fcc "                    VOLUMEN CALCULADO: "
     20 20 20 20 20 20
     20 20 20 20 20 20
     20 20 56 4f 4c 55
     4d 45 4e 20 43 41
     4c 43 55 4c 41 44
     4f 3a 20
110b                    CENTENAS:       ds 1
110c                    DECENAS:        ds 1
110d                    UNIDADES:       ds 1
110e 20 6d 33 2e                        fcc " m3."
1112 0d 0a 00                           db CR,LF,EOM
                        
1115 0d 0a 0d 0a        ALARMA_BAJO:      db CR,LF,CR,LF
1119 20 20 20 20 20 20                  fcc "                    Alarma: El Nivel esta Bajo."
     20 20 20 20 20 20
     20 20 20 20 20 20
     20 20 41 6c 61 72
     6d 61 3a 20 45 6c
     20 4e 69 76 65 6c
     20 65 73 74 61 20
     42 61 6a 6f 2e
1148 00                                 db EOM
                        
1149 20 20 20 20 20 20  FULL:       fcc "                    Tanque vaciando, Bomba Apagada."
     20 20 20 20 20 20
     20 20 20 20 20 20
     20 20 54 61 6e 71
     75 65 20 76 61 63
     69 61 6e 64 6f 2c
     20 42 6f 6d 62 61
     20 41 70 61 67 61
     64 61 2e
117c 00                                 db EOM
                                        
                        ;interrupciones:
ffd2                                    org $FFD2
ffd2 21 33                              dw ATD0_ISR ;direccion de la subrutina de servicio a interrupcion ATD0.
ffd4                                    org $FFD4
ffd4 21 70                              dw SCI_ISR ;direccion de la subrutina de servicio a interrupcion SCI1.
fff0                                    org $FFF0
fff0 21 4d                              dw RTI_ISR  ;direccion de la subrutina de servicio a interrupcion RTI.
                        
                        ;*******************************************************************************
                        ;                             Programa principal
                        ;*******************************************************************************
                        ;
                        ;configs
2000                        ORG $2000
                        
                        ;LEDS
2000 18 0b 01 00 03         MOVB #$01,DDRB ;se configura PORTB0 como salida
2005 1c 02 6a 02            bset DDRJ,$02
                        
                        ;ATD0:
2009 18 0b c2 00 82         MOVB #$C2,ATD0CTL2 ;habilita convertidor ATD0, borrado rapido de banderas y las interrupciones.
200e 86 a0                  LDAA #160
                        
2010                    CONFIG_ATD:
2010 04 30 fd               DBNE A,CONFIG_ATD ;10 us, tiempo de ATD.
                        
2013 18 0b 30 00 83         MOVB #$30,ATD0CTL3 ;ciclo de 6 conversiones
2018 18 0b 10 00 84         MOVB #$10,ATD0CTL4 ;f_sample = 700 kHz con preescalador 16
201d 18 0b 80 00 85         MOVB #$80,ATD0CTL5 ;justifica a la derecha
                        
                        ;RTI:
2022 18 0b 54 00 3b         MOVB #$54,RTICTL
2027 4c 38 80               BSET CRGINT,#$80
                        
                        ;Serial Communication Interface (SCI1):
202a 18 03 00 27 00 d0      MOVW #39,SC1BDH                 ;Baud Rate = 38400
2030 18 0b 00 00 d2         MOVB #$00,SC1CR1         ;M = 0, ParityEnable = 0
2035 18 0b 08 00 d3         MOVB #$08,SC1CR2         ;TE = 1
                        
203a 10 ef                  CLI
                        ;------------------------------------------------------------------------------
                        ;                       Inicializacion de variables
                        ;------------------------------------------------------------------------------
203c cf 40 00               LDS #$4000  ;inicializa el stack
203f 18 0b 64 10 14         MOVB #100,CONT_RTI
2044 79 10 1a               CLR BANDERAS
                        ;------------------------------------------------------------------------------
2047                    MAIN:
2047 16 20 52               JSR CALCULO_NIVEL
204a 16 20 b1               JSR BIN_BCD
204d 16 21 10               JSR BCD_ASCII
2050 20 f5                  BRA MAIN
                        ;*******************************************************************************
                        
                        
                        ;------------------------------------------------------------------------------
2052                    CALCULO_NIVEL:
2052 cc 03 ff                   Ldd #1023 ;Maximo numero de 10 bits
2055 ce 00 ff                   Ldx #255   ; Maximo numero de 8 bits
2058 18 10                      Idiv  ;x=4   ;Obtenemos la razon entre estas dos escalas (4)
205a fc 10 10                   Ldd NIVEL_PROM
205d 18 10                      Idiv ;x=NIVEL_PROM/4
205f b7 c5                      Xgdx ;D=NIVEL_PROM/4
2061 86 14                      Ldaa #20  ;Maximo de nivel medido
2063 12                         Mul
2064 ce 00 ff                   Ldx #255
2067 18 10                      Idiv  ;Con eso se obtiene el valor nivel en en X
2069 b7 c5                      Xgdx  ;Se pasa a D
206b c1 0f                      Cmpb #15 ;Maxima altura permitida es 15
206d 23 02                      Bls get_V
206f c6 0f                      Ldab #15
                        
2071                    get_V:
2071 7b 10 12                   Stab NIVEL
2074 86 07                      ldaa #7 ;Area real es 7.07 pero se redondea
2076 12                         Mul ;V= A*H
2077 7b 10 13                   Stab VOLUMEN
                        
                                ;Realizamos las comparaciones de nivel
207a c1 5f                      cmpb #95  ;V>=95
207c 24 1d                      bhs LED_OFF
                        
207e c1 10                      cmpb #16 ;V<=95
2080 23 0b                      bls LED_ON
                        
2082 c1 20                      cmpb #32 ;95>=V>=32
2084 24 26                      bhs NO_PRINT
                                
                                
                                ;32>=V>=16
2086 1f 10 1a 04 1c             brclr BANDERAS,$04,PRINT
208b 20 1f                      bra NO_PRINT
                        
208d                    LED_ON:
208d 18 0b 00 02 68             movb #$00,PTJ        ;habilita led
2092 4c 01 01                   bset PORTB,#$01 ;enciende la bomba
2095 1d 10 1a 04                bclr BANDERAS,#$04 ;MSG_SEL <--- 0 para indicar que el mensaje a imprimir es el de alarma
2099 20 0c                      bra PRINT
                        
209b                    LED_OFF:
209b 18 0b 02 02 68             movb #$02,PTJ ;deshabilida leds
20a0 4d 01 01                   bclr PORTB,#$01 ;se apaga la bomba
20a3 1c 10 1a 04                bset BANDERAS,#$04 ;MSG_SEL <--- 1 para indicar que el mensaje a imprimir es el de tanque lleno
20a7                    PRINT:
20a7 1c 10 1a 02                bset BANDERAS,#$02 ;MSG <-- 1 para indicar que hay que imprimir otro mensaje
20ab 3d                          rts
                        
20ac                    NO_PRINT:
20ac 1d 10 1a 02                bclr BANDERAS,#$02 ;MSG <-- 0 para indicar que NO hay que imprimir otro mensaje
20b0 3d                         rts
                        
                        ;------------------------------------------------------------------------------
                        ;-------------------------------------------------------------------------------
                        
20b1                    BIN_BCD:
20b1 cd 00 0f                           ldy #15
20b4 87                                 clra
20b5 f6 10 13                           ldab VOLUMEN
                        
20b8 79 10 15                           clr BCD_H
20bb 79 10 16                           clr BCD_L
                        
20be                    LOOP_BINBCD:
20be 59                                 lsld       ;se realiza el desplazamiento
20bf 75 10 16                           rol BCD_L
20c2 75 10 15                           rol BCD_H
20c5 3b                                 pshd       ;guardamos d en pila para usar a y b
20c6 86 0f                              ldaa #$0F
20c8 b4 10 16                           anda BCD_L
20cb 81 05                              cmpa #5
20cd 25 02                              blo UNIDADES_CONV
20cf 8b 03                              adda #3
20d1                    UNIDADES_CONV:
20d1 7a 10 17                           staa LOW
20d4 86 f0                              ldaa #$F0 ;mascara
20d6 b4 10 16                           anda BCD_L ;aplica mascara
20d9 81 50                              cmpa #$50  ;compara con 5
20db 25 02                              blo DECENAS_CONV
20dd 8b 30                              adda #$30
20df                    DECENAS_CONV:
20df bb 10 17                           adda LOW
20e2 7a 10 16                           staa BCD_L
20e5 86 0f                              ldaa #$0F ;mascara
20e7 b4 10 15                           anda BCD_H ;se obtienen las centenas
20ea 81 05                              cmpa #5
20ec 25 02                              blo CENTENAS_CONV
20ee 8b 03                              adda #3
20f0                    CENTENAS_CONV:
20f0 7a 10 17                           staa LOW
20f3 86 f0                              ldaa #$F0 ;mascara
20f5 b4 10 15                           anda BCD_H ;se obtienen los miles
20f8 81 50                              cmpa #$50
20fa 25 02                              blo MILES_CONV
20fc 8b 30                              adda #$30
20fe                    MILES_CONV:
20fe bb 10 17                           adda LOW
2101 7a 10 15                           staa BCD_H
2104 03                                 dey
2105 3a                                 puld          ;recupera d
2106 26 b6                              bne LOOP_BINBCD
2108 59                                 lsld
2109 75 10 16                           rol BCD_L
210c 75 10 15                           rol BCD_H
210f 3d                                 rts
                        
                        ;-------------------------------------------------------------------------------
2110                    BCD_ASCII:
2110 86 0f                          ldaa #$0F ;mascara
2112 b4 10 16                       anda BCD_L ;unidades
2115 8b 30                          adda #$30 ;conversion, basat con sumar $30
2117 7a 11 0d                       staa UNIDADES
211a c6 f0                          ldab #$F0 ;mascara
211c f4 10 16                       andb BCD_L ;decenas
211f 54                             lsrb
2120 54                             lsrb
2121 54                             lsrb
2122 54                             lsrb ;desplazamos
2123 cb 30                          addb #$30
2125 7b 11 0c                       stab DECENAS
2128 86 0f                          ldaa #$0F
212a b4 10 15                       anda BCD_H ;centenas
212d 8b 30                          adda #$30
212f 7a 11 0b                       staa CENTENAS
2132 3d                             rts
                        
                        ;------------------------------------------------------------------------------
2133                    ATD0_ISR:
2133 dc 90                  Ldd ADR00H
2135 d3 92                  Addd ADR01H
2137 d3 94                  Addd ADR02H
2139 d3 96                  Addd ADR03H
213b d3 98                  Addd ADR04H
213d d3 9a                  Addd ADR05H
                            ;Tenemos en RR1 la suma de los 6 numeros
213f ce 00 06               Ldx #6
2142 18 10                  Idiv ;X = D/X para el promedio
2144 7e 10 10               Stx NIVEL_PROM ;Dado por el enunciado para guardar el promedio
2147 18 0b 80 00 85         Movb #$80,ATD0CTL5 ;escribimos para ques se repita el proceso
214c 0b                     Rti
                        ;------------------------------------------------------------------------------
                        
214d                    RTI_ISR:
214d 4c 37 80               Bset CRGFLG %10000000  ;reinicia la bandera de interrupcion
2150 f7 10 14               Tst CONT_RTI
2153 27 05                  Beq REFRESCAR
2155 73 10 14               Dec CONT_RTI
2158 20 15                  Bra FIN_RTI
215a                    REFRESCAR:
215a 18 0b 64 10 14         Movb #100,CONT_RTI ;Volvemos al contador con 100
215f 4c d3 40               Bset SC1CR2 %01000000 ; TCIE = 1
2162 18 03 10 1b 10 18      Movw #MENSAJE,Puntero ;Puntero al inicio del mensaje
                            ;Iniciamos el proceso de transmision
2168 96 d4                  Ldaa SC1SR1
216a 18 0b 0c 00 d7         Movb #NP,SC1DRL ;Transmitimos un new page solo para empezar el proceso
                        
216f                    FIN_RTI:
216f 0b                     Rti
                        
                        ;------------------------------------------------------------------------------
2170                    SCI_ISR:
                        
2170 fe 10 18               ldx Puntero         ;Puntero para imprimir
2173 a6 30                  ldaa 1,X+             ; dato a imprimir
2175 81 00                  cmpa #EOM                 ; revisa que o sea final
2177 27 09                  beq ESTADO         ;final
2179 d6 d4                  ldab SC1SR1 ;inicia transmision
217b 5a d7                  staa SC1DRL
217d 7e 10 18               stx Puntero         ;puntero de impresion.
2180 20 33                  bra FIN_SCI         ;se termina la subrutina
                        
2182                    ESTADO:
                        
2182 1e 10 1a 01 27         brset BANDERAS,$01,CERRAR ;Revisa si ya terminó de imprimir
2187 1f 10 1a 02 22         brclr BANDERAS,$02,CERRAR
218c 1f 10 1a 04 0c         brclr BANDERAS,$04,ALARMA ;Se debe imprimir es el de alarma.
                        
2191 1c 10 1a 01            bset BANDERAS,$01 ;bandera ok
2195 18 03 11 49 10 18      movw #FULL,Puntero ;Tanque lleno
                        
219b 20 18                  bra FIN_SCI
                        
219d                    ALARMA:
219d 18 0b 01 00 01         movb #$01,PORTB;enciende el led
21a2 18 03 11 15 10 18      movw #ALARMA_BAJO,Puntero ;se carga el mensaje de alarma
21a8 1c 10 1a 01            bset BANDERAS $01 ;Pone bandera de final
                        
21ac 20 07                  bra FIN_SCI
                        
21ae                    CERRAR:
21ae 4d d3 40               bclr SC1CR2,$40 ;Se deshabilita SPI
21b1 1d 10 1a 01            bclr BANDERAS,$01 ;No terminada
                        
21b5                    FIN_SCI:
21b5 0b                     rti

Executed: Sat Feb 20 22:43:00 2021
Total cycles: 542, Total bytes: 795
Total errors: 0, Total warnings: 0
